0 info it worked if it ends with ok
1 verbose cli [ 'node', '/usr/local/bin/npm', 'install', 'uglifay', '-g' ]
2 info using npm@1.4.28
3 info using node@v0.10.33
4 verbose cache add [ 'uglifay', null ]
5 verbose cache add name=undefined spec="uglifay" args=["uglifay",null]
6 verbose parsed url { protocol: null,
6 verbose parsed url   slashes: null,
6 verbose parsed url   auth: null,
6 verbose parsed url   host: null,
6 verbose parsed url   port: null,
6 verbose parsed url   hostname: null,
6 verbose parsed url   hash: null,
6 verbose parsed url   search: null,
6 verbose parsed url   query: null,
6 verbose parsed url   pathname: 'uglifay',
6 verbose parsed url   path: 'uglifay',
6 verbose parsed url   href: 'uglifay' }
7 silly lockFile 66a9643d-uglifay uglifay
8 verbose lock uglifay /Users/JonatansSantaCruzSoria/.npm/66a9643d-uglifay.lock
9 silly lockFile 66a9643d-uglifay uglifay
10 silly lockFile 66a9643d-uglifay uglifay
11 verbose addNamed [ 'uglifay', '' ]
12 verbose addNamed [ null, '*' ]
13 silly lockFile e3758142-uglifay uglifay@
14 verbose lock uglifay@ /Users/JonatansSantaCruzSoria/.npm/e3758142-uglifay.lock
15 silly addNameRange { name: 'uglifay', range: '*', hasData: false }
16 verbose request where is /uglifay
17 verbose request registry https://registry.npmjs.org/
18 verbose request id a1fecb125f2da81c
19 verbose url raw /uglifay
20 verbose url resolving [ 'https://registry.npmjs.org/', './uglifay' ]
21 verbose url resolved https://registry.npmjs.org/uglifay
22 verbose request where is https://registry.npmjs.org/uglifay
23 info trying registry request attempt 1 at 08:45:21
24 http GET https://registry.npmjs.org/uglifay
25 http 404 https://registry.npmjs.org/uglifay
26 silly registry.get cb [ 404,
26 silly registry.get   { 'content-type': 'application/json',
26 silly registry.get     'cache-control': 'max-age=0',
26 silly registry.get     'content-length': '2',
26 silly registry.get     'accept-ranges': 'bytes',
26 silly registry.get     date: 'Mon, 02 Nov 2015 14:45:22 GMT',
26 silly registry.get     via: '1.1 varnish',
26 silly registry.get     age: '0',
26 silly registry.get     connection: 'keep-alive',
26 silly registry.get     'x-served-by': 'cache-ord1732-ORD',
26 silly registry.get     'x-cache': 'MISS',
26 silly registry.get     'x-cache-hits': '0',
26 silly registry.get     'x-timer': 'S1446475522.119346,VS0,VE76' } ]
27 silly lockFile e3758142-uglifay uglifay@
28 silly lockFile e3758142-uglifay uglifay@
29 error 404 Not Found
29 error 404
29 error 404 'uglifay' is not in the npm registry.
29 error 404 You should bug the author to publish it
29 error 404
29 error 404 Note that you can also install from a
29 error 404 tarball, folder, or http url, or git url.
30 error System Darwin 15.0.0
31 error command "node" "/usr/local/bin/npm" "install" "uglifay" "-g"
32 error cwd /Users/JonatansSantaCruzSoria/Desktop/Quimec/scripts
33 error node -v v0.10.33
34 error npm -v 1.4.28
35 error code E404
36 verbose exit [ 1, true ]
